#-----------------------------------------------------------
# Vivado v2020.2 (64-bit)
# SW Build 3064766 on Wed Nov 18 09:12:45 MST 2020
# IP Build 3064653 on Wed Nov 18 14:17:31 MST 2020
# Start of session at: Mon Mar  8 16:12:39 2021
# Process ID: 17068
# Current directory: C:/Rozum/digital-electronics-1/Labs/03-vivado/comparator_2bit
# Command line: vivado.exe -gui_launcher_event rodinguilauncherevent9004 C:\Rozum\digital-electronics-1\Labs\03-vivado\comparator_2bit\comparator_2bit.xpr
# Log file: C:/Rozum/digital-electronics-1/Labs/03-vivado/comparator_2bit/vivado.log
# Journal file: C:/Rozum/digital-electronics-1/Labs/03-vivado/comparator_2bit\vivado.jou
#-----------------------------------------------------------
start_gui
open_project C:/Rozum/digital-electronics-1/Labs/03-vivado/comparator_2bit/comparator_2bit.xpr
WARNING: [filemgmt 56-3] Default IP Output Path : Could not find the directory 'C:/Rozum/digital-electronics-1/Labs/03-vivado/comparator_2bit/comparator_2bit.gen/sources_1'.
Scanning sources...
Finished scanning sources
INFO: [IP_Flow 19-234] Refreshing IP repositories
INFO: [IP_Flow 19-1704] No user IP repositories specified
INFO: [IP_Flow 19-2313] Loaded Vivado IP repository 'D:/Vivado/Vivado/2020.2/data/ip'.
open_project: Time (s): cpu = 00:00:10 ; elapsed = 00:00:05 . Memory (MB): peak = 1105.953 ; gain = 0.000
update_compile_order -fileset sources_1
exit
INFO: [Common 17-206] Exiting Vivado at Mon Mar  8 17:01:27 2021...
